<?xml version="1.0" encoding="UTF-8"?>
<!-- Generated by org.testng.reporters.JUnitReportReporter -->
<testsuite skipped="0" hostname="Antons-MacBook-Pro.local" name="tests.LoginTest" tests="1" failures="0" timestamp="2022-10-16T13:37:45 EEST" time="3.297" errors="0">
  <testcase name="verifyUserIsAbleToLogin" time="3.297" classname="tests.LoginTest"/>
  <system-out/>
</testsuite> <!-- tests.LoginTest -->
